<?xml version="1.0" encoding="UTF-8"?>
<testng-results ignored="0" total="1" passed="1" failed="0" skipped="0">
  <reporter-output>
  </reporter-output>
  <suite started-at="2025-04-06T18:37:31 IST" name="Suite" finished-at="2025-04-06T18:37:53 IST" duration-ms="21124">
    <groups>
    </groups>
    <test started-at="2025-04-06T18:37:31 IST" name="Test" finished-at="2025-04-06T18:37:53 IST" duration-ms="21124">
      <class name="TestPackage.TestClass">
        <test-method is-config="true" signature="reportSetup()[pri:0, instance:TestPackage.TestClass@5c80cf32]" started-at="2025-04-06T18:37:31 IST" name="reportSetup" finished-at="2025-04-06T18:37:31 IST" duration-ms="443" status="PASS">
          <reporter-output>
          </reporter-output>
        </test-method> <!-- reportSetup -->
        <test-method is-config="true" signature="setup()[pri:0, instance:TestPackage.TestClass@5c80cf32]" started-at="2025-04-06T18:37:31 IST" name="setup" finished-at="2025-04-06T18:37:42 IST" duration-ms="10606" status="PASS">
          <reporter-output>
          </reporter-output>
        </test-method> <!-- setup -->
        <test-method signature="login_valid_credentials()[pri:0, instance:TestPackage.TestClass@5c80cf32]" started-at="2025-04-06T18:37:42 IST" name="login_valid_credentials" finished-at="2025-04-06T18:37:52 IST" duration-ms="10085" status="PASS">
          <reporter-output>
          </reporter-output>
        </test-method> <!-- login_valid_credentials -->
        <test-method is-config="true" signature="teardown()[pri:0, instance:TestPackage.TestClass@5c80cf32]" started-at="2025-04-06T18:37:52 IST" name="teardown" finished-at="2025-04-06T18:37:53 IST" duration-ms="374" status="PASS">
          <reporter-output>
          </reporter-output>
        </test-method> <!-- teardown -->
        <test-method is-config="true" signature="reportGeneration()[pri:0, instance:TestPackage.TestClass@5c80cf32]" started-at="2025-04-06T18:37:53 IST" name="reportGeneration" finished-at="2025-04-06T18:37:54 IST" duration-ms="905" status="PASS">
          <reporter-output>
          </reporter-output>
        </test-method> <!-- reportGeneration -->
      </class> <!-- TestPackage.TestClass -->
    </test> <!-- Test -->
  </suite> <!-- Suite -->
</testng-results>
