<?xml version="1.0" encoding="UTF-8"?>
<testng-results ignored="0" total="1" passed="1" failed="0" skipped="0">
  <reporter-output>
  </reporter-output>
  <suite started-at="2025-04-06T18:05:20 IST" name="Suite" finished-at="2025-04-06T18:06:06 IST" duration-ms="45490">
    <groups>
    </groups>
    <test started-at="2025-04-06T18:05:20 IST" name="Test" finished-at="2025-04-06T18:06:06 IST" duration-ms="45490">
      <class name="TestPackage.TestClass">
        <test-method is-config="true" signature="reportSetup()[pri:0, instance:TestPackage.TestClass@5c80cf32]" started-at="2025-04-06T18:05:20 IST" name="reportSetup" finished-at="2025-04-06T18:05:20 IST" duration-ms="527" status="PASS">
          <reporter-output>
          </reporter-output>
        </test-method> <!-- reportSetup -->
        <test-method is-config="true" signature="setup()[pri:0, instance:TestPackage.TestClass@5c80cf32]" started-at="2025-04-06T18:05:20 IST" name="setup" finished-at="2025-04-06T18:05:53 IST" duration-ms="32927" status="PASS">
          <reporter-output>
          </reporter-output>
        </test-method> <!-- setup -->
        <test-method signature="login_valid_credentials()[pri:0, instance:TestPackage.TestClass@5c80cf32]" started-at="2025-04-06T18:05:53 IST" name="login_valid_credentials" finished-at="2025-04-06T18:06:04 IST" duration-ms="10819" status="PASS">
          <reporter-output>
          </reporter-output>
        </test-method> <!-- login_valid_credentials -->
        <test-method is-config="true" signature="teardown()[pri:0, instance:TestPackage.TestClass@5c80cf32]" started-at="2025-04-06T18:06:04 IST" name="teardown" finished-at="2025-04-06T18:06:06 IST" duration-ms="1669" status="PASS">
          <reporter-output>
          </reporter-output>
        </test-method> <!-- teardown -->
        <test-method is-config="true" signature="reportGeneration()[pri:0, instance:TestPackage.TestClass@5c80cf32]" started-at="2025-04-06T18:06:06 IST" name="reportGeneration" finished-at="2025-04-06T18:06:06 IST" duration-ms="720" status="PASS">
          <reporter-output>
          </reporter-output>
        </test-method> <!-- reportGeneration -->
      </class> <!-- TestPackage.TestClass -->
    </test> <!-- Test -->
  </suite> <!-- Suite -->
</testng-results>
